<?xml version="1.0" encoding="UTF-8"?>
<!-- Generated by org.testng.reporters.JUnitReportReporter -->
<testsuite skipped="0" hostname="INDIA" name="com.Framework.BusinessScripts.GmailDemo" tests="1" failures="0" timestamp="24 Apr 2018 11:39:31 GMT" time="69.990" errors="0">
  <testcase name="gmail" time="69.990" classname="com.Framework.BusinessScripts.GmailDemo"/>
</testsuite> <!-- com.Framework.BusinessScripts.GmailDemo -->
