<?xml version="1.0" encoding="UTF-8"?>
<!-- Generated by org.testng.reporters.JUnitReportReporter -->
<testsuite skipped="0" hostname="INDIA" name="com.ExtentReport.FW.ExtentReport" tests="1" failures="0" timestamp="20 Apr 2018 10:39:38 GMT" time="5.265" errors="0">
  <testcase name="one" time="5.265" classname="com.ExtentReport.FW.ExtentReport"/>
</testsuite> <!-- com.ExtentReport.FW.ExtentReport -->
