<?xml version="1.0" encoding="UTF-8"?>
<!-- Generated by org.testng.reporters.JUnitReportReporter -->
<testsuite skipped="0" hostname="INDIA" name="com.Framework.BusinessScripts.FbTestOne" tests="1" failures="0" timestamp="25 Apr 2018 09:28:48 GMT" time="38.765" errors="0">
  <testcase name="fbTest" time="38.765" classname="com.Framework.BusinessScripts.FbTestOne"/>
</testsuite> <!-- com.Framework.BusinessScripts.FbTestOne -->
